first Attempt:
"/Users/apple/Documents/GitHub/POS platforms/Windows_POS_system/.venv/bin/python" /Users/apple/Documents/GitHub/POS platforms/Windows_POS_system/main.py 
--- FaqiriTech POS GUI Startup Session ---
Executable: /Users/apple/Documents/GitHub/POS platforms/Windows_POS_system/.venv/bin/python
CWD: /Users/apple/Documents/GitHub/POS platforms/Windows_POS_system
[16:32:33.952405] Running in DEV (Script) mode
[16:32:33.952420] Supabase Init: URL=[HIDDEN], Key=sb_pu...gic6Z
QApplication initialized.
Icon loaded from: /Users/apple/Documents/GitHub/POS platforms/Windows_POS_system/Logo/logo.ico
[Watchdog] UI Responsiveness Monitor Started.
[16:32:35.556340] Checking connection...
[16:32:35.556362] Socket pinging 8.8.8.8:53...
[16:32:35.619478]   -> Socket success for 8.8.8.8
[16:32:35.619547] Pinging https://www.google.com/generate_204...
[INFO] Supabase schema verification: Remote sync is active.
[16:32:36.496572]   -> HTTP Success

[CONNECTIVITY_GATE] _on_check_finished called: is_online=True
[CONNECTIVITY_GATE] Connection successful, updating UI...
[CONNECTIVITY_GATE] Scheduling connection_resolved signal emission in 1 second...
[CONNECTIVITY_GATE] Emitting connection_resolved signal: online=True
============================================================
[DEBUG] Gate resolve sequence START: online=True
[DEBUG] Checking local registration...
[DEBUG] is_registered_local=False
[DEBUG] system_id=SYS-46620301B10B
[DEBUG] Internet active. Verifying cloud registration...
[DEBUG] Calling supabase_manager.get_installation_status(SYS-46620301B10B)
[DEBUG] cloud_record=None
[DEBUG] No cloud record found
[DEBUG] Calling show_registration_stepper()
qt.qpa.fonts: Populating font family aliases took 90 ms. Replace uses of missing font family "Inter" with one that exists to avoid this cost. 
[DEBUG] on_internet_gate_resolved() completed
============================================================
[CONNECTIVITY_GATE] Signal emitted successfully
[16:32:38.808530] Fetching installers...
[16:32:38.808623] GET [HIDDEN]/authorized_persons
[16:32:40.507571]   -> Status: 200
[16:32:40.507594]   -> Data count: 3
[SUCCESS] Loaded 4 installers (including SuperAdmin)
[16:32:56.786822] Fetching installers...
[16:32:56.786936] GET [HIDDEN]/authorized_persons
[16:32:57.369473]   -> Status: 200
[16:32:57.369574]   -> Data count: 3
[SUCCESS] Loaded 4 installers (including SuperAdmin)
[16:33:04.717814] üõ°Ô∏è SuperAdmin Login Attempt detected...
[16:33:04.717930] üîç Checking keystable for key [HIDDEN] at [HIDDEN-URL]/rest/v1/keystable
[16:33:05.034625] ‚úÖ Keystable response received. Match found: True
[16:33:05.037565] ‚úÖ SuperAdmin authenticated via Secret Key.
[WARNING] Serial Key Error: Command 'wmic bios get serialnumber' returned non-zero exit status 127.
[INFO] Registering system and client online...
[SUCCESS] QR Code generated at: /Users/apple/Documents/GitHub/POS platforms/Windows_POS_system/src/credentials/company_qr.png

============================================================
[DEBUG] jump_to_app() START
[DEBUG] Checking contract validity...
[DEBUG] Contract valid, checking login mode...
[DEBUG] login_mode=once
[DEBUG] Login mode is 'once', starting main app directly
[INFO] Launching Main POS Interface (Mode: STORE)...
Error: No user logged in during show_main_app
[DEBUG] jump_to_app() COMPLETED
============================================================

[Update] Error: GitHub API Error: 401
[Update] Authentication failed (401). Disabling future update checks.
[WARNING] Database accessed from MAIN UI THREAD. This may cause GUI freezes. Use task_manager instead.
INFO: Pharmacy User admin logged in successfully
StatsWorker Error: no such table: pharmacy_products
[WARNING] Database accessed from MAIN UI THREAD. This may cause GUI freezes. Use task_manager instead.
Error loading expenses: no such table: pharmacy_expenses
[WARNING] Database accessed from MAIN UI THREAD. This may cause GUI freezes. Use task_manager instead.
[WARNING] Database accessed from MAIN UI THREAD. This may cause GUI freezes. Use task_manager instead.
Error loading salaries: no such table: pharmacy_employee_salary
[WARNING] Database accessed from MAIN UI THREAD. This may cause GUI freezes. Use task_manager instead.
Error loading expenses: no such table: pharmacy_expenses
[WARNING] Database accessed from MAIN UI THREAD. This may cause GUI freezes. Use task_manager instead.
Error loading salaries: no such table: pharmacy_employee_salary
[WARNING] Database accessed from MAIN UI THREAD. This may cause GUI freezes. Use task_manager instead.
Error loading summary: no such table: pharmacy_sales
StatsWorker Error: no such table: pharmacy_products
Traceback (most recent call last):
  File "/Users/apple/Documents/GitHub/POS platforms/Windows_POS_system/src/ui/views/pharmacy/pharmacy_dashboard_view.py", line 342, in on_product_selected
    self.chart_widget.set_data(name, percentage)
  File "/Users/apple/Documents/GitHub/POS platforms/Windows_POS_system/src/ui/views/pharmacy/pharmacy_dashboard_view.py", line 21, in set_data
    self.percentage = float(percentage)
                      ^^^^^^^^^^^^^^^^^
TypeError: float() argument must be a string or a real number, not 'NoneType'

Process finished with exit code 134 (interrupted by signal 6:SIGABRT)



second Attempt:
"/Users/apple/Documents/GitHub/POS platforms/Windows_POS_system/.venv/bin/python" /Users/apple/Documents/GitHub/POS platforms/Windows_POS_system/main.py 
--- FaqiriTech POS GUI Startup Session ---
Executable: /Users/apple/Documents/GitHub/POS platforms/Windows_POS_system/.venv/bin/python
CWD: /Users/apple/Documents/GitHub/POS platforms/Windows_POS_system
[16:34:20.375146] Running in DEV (Script) mode
[16:34:20.375161] Supabase Init: URL=[HIDDEN], Key=sb_pu...gic6Z
QApplication initialized.
Icon loaded from: /Users/apple/Documents/GitHub/POS platforms/Windows_POS_system/Logo/logo.ico
[Watchdog] UI Responsiveness Monitor Started.
[16:34:21.981585] Checking connection...
[16:34:21.981609] Socket pinging 8.8.8.8:53...
[16:34:22.030135]   -> Socket success for 8.8.8.8
[16:34:22.030235] Pinging https://www.google.com/generate_204...
[INFO] Supabase schema verification: Remote sync is active.
[16:34:23.627923]   -> HTTP Success

[CONNECTIVITY_GATE] _on_check_finished called: is_online=True
[CONNECTIVITY_GATE] Connection successful, updating UI...
[CONNECTIVITY_GATE] Scheduling connection_resolved signal emission in 1 second...
[CONNECTIVITY_GATE] Emitting connection_resolved signal: online=True
============================================================
[DEBUG] Gate resolve sequence START: online=True
[DEBUG] Checking local registration...
[DEBUG] is_registered_local=False
[DEBUG] system_id=SYS-46620301B10B
[DEBUG] Internet active. Verifying cloud registration...
[DEBUG] Calling supabase_manager.get_installation_status(SYS-46620301B10B)
[DEBUG] cloud_record={'status': 'active', 'company_name': 'testing mac', 'phone': '1234567', 'email': 'testing mac', 'address': 'testing mac', 'location': 'testing mac', 'license': 'testing mac', 'contract_expiry': '2027-02-10', 'system_id': 'SYS-46620301B10B', 'pc_name': 'Zubaidullah-Faqiri-2.local', 'serial_key': 'ERROR-FETCH-SERIAL', 'installation_time': '2026-02-07T16:33:12.400749+00:00', 'installed_by': 'SuperAdmin', 'contract_duration_days': 367, 'pharmacy_active': True, 'store_active': True, 'shutdown_time': None}
[DEBUG] Cloud record found, processing...
[DEBUG] Account status=active
[DEBUG] Setting local config...
[DEBUG] Verifying local data integrity...
[DEBUG] Data integrity failed, showing registration stepper
qt.qpa.fonts: Populating font family aliases took 65 ms. Replace uses of missing font family "Inter" with one that exists to avoid this cost. 
[CONNECTIVITY_GATE] Signal emitted successfully
[16:34:25.721260] Fetching installers...
[16:34:25.721283] GET [HIDDEN]/authorized_persons
[16:34:26.115831]   -> Status: 200
[16:34:26.115856]   -> Data count: 3
[SUCCESS] Loaded 4 installers (including SuperAdmin)
[16:34:42.736163] Fetching installers...
[16:34:42.736283] GET [HIDDEN]/authorized_persons
[16:34:44.346952]   -> Status: 200
[16:34:44.346974]   -> Data count: 3
[SUCCESS] Loaded 4 installers (including SuperAdmin)
[16:34:50.565489] üõ°Ô∏è SuperAdmin Login Attempt detected...
[16:34:50.565521] üîç Checking keystable for key [HIDDEN] at [HIDDEN-URL]/rest/v1/keystable
[16:34:52.937895] ‚úÖ Keystable response received. Match found: True
[16:34:52.941585] ‚úÖ SuperAdmin authenticated via Secret Key.
[CRITICAL] GUI HANG DETECTED! Thread blocked for 2.49 seconds.
‚ö†Ô∏è App focus warning: UI was frozen for 2.5s. Check background tasks.
[WARNING] Serial Key Error: Command 'wmic bios get serialnumber' returned non-zero exit status 127.
[INFO] Registering system and client online...
[SUCCESS] QR Code generated at: /Users/apple/Documents/GitHub/POS platforms/Windows_POS_system/src/credentials/company_qr.png
[CRITICAL] GUI HANG DETECTED! Thread blocked for 2.08 seconds.
‚ö†Ô∏è App focus warning: UI was frozen for 2.1s. Check background tasks.

============================================================
[DEBUG] jump_to_app() START
[DEBUG] Checking contract validity...
[DEBUG] Contract valid, checking login mode...
[DEBUG] login_mode=once
[DEBUG] Login mode is 'once', starting main app directly
[INFO] Launching Main POS Interface (Mode: STORE)...
[Update] Update checker disabled in config
Error: No user logged in during show_main_app
[DEBUG] jump_to_app() COMPLETED
============================================================

[WARNING] Database accessed from MAIN UI THREAD. This may cause GUI freezes. Use task_manager instead.
INFO: Pharmacy User admin logged in successfully
Traceback (most recent call last):
  File "/Users/apple/Documents/GitHub/POS platforms/Windows_POS_system/src/ui/views/pharmacy/pharmacy_dashboard_view.py", line 342, in on_product_selected
    self.chart_widget.set_data(name, percentage)
  File "/Users/apple/Documents/GitHub/POS platforms/Windows_POS_system/src/ui/views/pharmacy/pharmacy_dashboard_view.py", line 21, in set_data
    self.percentage = float(percentage)
                      ^^^^^^^^^^^^^^^^^
TypeError: float() argument must be a string or a real number, not 'NoneType'

Process finished with exit code 134 (interrupted by signal 6:SIGABRT)
